{"C:\\wrj\\src\\App.js": {"path":"C:\\wrj\\src\\App.js","statementMap":{"0":{"start":{"line":10,"column":4},"end":{"line":15,"column":6}},"1":{"start":{"line":12,"column":36},"end":{"line":12,"column":53}},"2":{"start":{"line":19,"column":2},"end":{"line":19,"column":14}}},"fnMap":{"0":{"name":"(anonymous_0)","decl":{"start":{"line":9,"column":2},"end":{"line":9,"column":3}},"loc":{"start":{"line":9,"column":11},"end":{"line":16,"column":3}},"line":9},"1":{"name":"(anonymous_1)","decl":{"start":{"line":12,"column":32},"end":{"line":12,"column":33}},"loc":{"start":{"line":12,"column":36},"end":{"line":12,"column":53}},"line":12},"2":{"name":"(anonymous_2)","decl":{"start":{"line":18,"column":23},"end":{"line":18,"column":24}},"loc":{"start":{"line":18,"column":30},"end":{"line":20,"column":1}},"line":18}},"branchMap":{},"s":{"0":4,"1":2,"2":0},"f":{"0":4,"1":2,"2":0},"b":{},"_coverageSchema":"43e27e138ebf9cfc5966b082cf9a028302ed4184","hash":"9a95abd1959b255d32d5aeebd959a2d95424b69c"}
}
